[0;34m[2025-07-13 19:46:11] 🔍 Starting dotfiles verification...[0m
[0;34m[2025-07-13 19:46:11] Verification log: /home/jeremy/dotfiles/verification.log[0m
[0;34m[2025-07-13 19:46:11] Testing system tools...[0m
[0;32m✅ git is installed (version: git version 2.43.0)[0m
[0;32m✅ curl is installed (version: curl 8.5.0 (x86_64-pc-linux-gnu) libcurl/8.5.0 OpenSSL/3.0.13 zlib/1.3 brotli/1.1.0 zstd/1.5.5 libidn2/2.3.7 libpsl/0.21.2 (+libidn2/2.3.7) libssh/0.10.6/openssl/zlib nghttp2/1.59.0 librtmp/2.3 OpenLDAP/2.6.7)[0m
[0;32m✅ zsh is installed (version: zsh 5.9 (x86_64-ubuntu-linux-gnu))[0m
[0;32m✅ fzf is installed (version: 0.44.1 (debian))[0m
[0;32m✅ rg is installed (version: ripgrep 14.1.0)[0m
[0;31m❌ fd is not installed or not in PATH[0m
[0;31m❌ bat is not installed or not in PATH[0m
[0;31m❌ exa is not installed or not in PATH[0m
[0;32m✅ zoxide is installed (version: zoxide 0.9.3)[0m
[1;33m⚠️  tmux is installed but version pattern doesn't match (got: unknown)[0m
[0;32m✅ jq is installed (version: jq-1.7)[0m
[0;34m[2025-07-13 19:46:11] Testing chezmoi setup...[0m
[1;33m⚠️  chezmoi is installed but version pattern doesn't match (got: chezmoi version v2.63.0, commit 714d582c95557f26fb1d8c3b42e455ed64501d69, built at 2025-07-09T01:36:28Z, built by goreleaser)[0m
[0;32m✅ chezmoi source directory exists at /home/jeremy/.local/share/chezmoi[0m
[0;31m❌ chezmoi config template missing at /home/jeremy/.local/share/chezmoi/.chezmoi.toml.tmpl[0m
[0;32m✅ chezmoi status command works[0m
[0;32m✅ chezmoi diff command works[0m
[0;34m[2025-07-13 19:46:11] Testing shell configuration...[0m
[1;33m⚠️  Default shell is not zsh (current: /bin/bash)[0m
[0;31m❌ zsh configuration missing at /home/jeremy/.zshrc[0m
[0;31m❌ zsh aliases missing at /home/jeremy/.config/zsh/aliases.zsh[0m
[0;31m❌ zsh environment missing at /home/jeremy/.config/zsh/env.zsh[0m
[1;33m⚠️  starship prompt not found in zsh configuration[0m
[0;34m[2025-07-13 19:46:11] Testing git configuration...[0m
[0;31m❌ git configuration missing at /home/jeremy/.gitconfig[0m
[0;31m❌ git user.name is not configured[0m
[0;31m❌ git user.email is not configured[0m
[0;34m[2025-07-13 19:46:11] Testing version managers...[0m
[1;33m⚠️  mise is installed but version pattern doesn't match (got: 2025.7.7 linux-x64 (2025-07-13))[0m
[0;32m✅ starship is installed (version: starship 1.23.0)[0m
[0;32m✅ mise list command works[0m
[0;34m[2025-07-13 19:46:12] Testing SSH configuration...[0m
[0;31m❌ SSH private key missing at /home/jeremy/.ssh/personal_id_ed25519[0m
[0;31m❌ SSH public key missing at /home/jeremy/.ssh/personal_id_ed25519.pub[0m
[1;33m⚠️  SSH connection to GitHub failed (key may not be added to GitHub)[0m
[0;34m[2025-07-13 19:46:12] Testing development tools...[0m
[1;33m⚠️  fabric AI tool is not installed[0m
[0;31m❌ VS Code settings missing at /home/jeremy/.config/Code/User/settings.json[0m
[0;31m❌ VS Code keybindings missing at /home/jeremy/.config/Code/User/keybindings.json[0m
[0;34m[2025-07-13 19:46:12] Testing environment variables...[0m
[0;32m✅ EDITOR is set to: nvim[0m
[1;33m⚠️  FZF_DEFAULT_COMMAND is not set[0m
[0;32m✅ ~/.local/bin is in PATH[0m
[0;34m[2025-07-13 19:46:12] Testing shell aliases...[0m
[0;31m❌ aliases.zsh file not found[0m
[0;34m[2025-07-13 19:46:12] Testing file permissions...[0m
[0;32m✅ install.sh is executable[0m
[0;32m✅ verify.sh is executable[0m
[0;34m[2025-07-13 19:46:12] 📊 Verification Summary[0m
